1708832365891	geckodriver	INFO	Listening on 127.0.0.1:41545
1708832366479	mozrunner::runner	INFO	Running command: MOZ_CRASHREPORTER="1" MOZ_CRASHREPORTER_NO_REPORT="1" MOZ_CRASHREPORTER_SHUTDOWN="1" MOZ_NO_REMOTE="1" "/snap/firefox/current/firefox.launcher" "--marionette" "-headless" "-no-remote" "-profile" "/tmp/rust_mozprofileahSOpX"
*** You are running in headless mode.
Gtk-Message: 00:39:26.506: Not loading module "atk-bridge": The functionality is provided by GTK natively. Please try to not load it.
console.warn: services.settings: Ignoring preference override of remote settings server
console.warn: services.settings: Allow by setting MOZ_REMOTE_SETTINGS_DEVTOOLS=1 in the environment
1708832366975	Marionette	INFO	Marionette enabled
1708832367043	Marionette	INFO	Listening on port 39449
Read port: 39449
1708832367205	RemoteAgent	WARN	TLS certificate errors will be ignored for this session
[GFX1-]: RenderCompositorSWGL failed mapping default framebuffer, no dt
console.error: ({})
console.error: "update.locale" " file doesn't exist in either the application or GRE directories"
1708832397266	addons.xpi	ERROR	System addon update list error SyntaxError: XMLHttpRequest.open: 'http://%(server)s/dummy-system-addons.xml' is not a valid URL.
1708832453384	geckodriver	INFO	Listening on 127.0.0.1:54827
1708832454211	mozrunner::runner	INFO	Running command: MOZ_CRASHREPORTER="1" MOZ_CRASHREPORTER_NO_REPORT="1" MOZ_CRASHREPORTER_SHUTDOWN="1" MOZ_NO_REMOTE="1" "/snap/firefox/current/firefox.launcher" "--marionette" "-headless" "-no-remote" "-profile" "/tmp/rust_mozprofile1Rz4gJ"
*** You are running in headless mode.
Gtk-Message: 00:40:54.235: Not loading module "atk-bridge": The functionality is provided by GTK natively. Please try to not load it.
console.warn: services.settings: Ignoring preference override of remote settings server
console.warn: services.settings: Allow by setting MOZ_REMOTE_SETTINGS_DEVTOOLS=1 in the environment
1708832454500	Marionette	INFO	Marionette enabled
1708832454548	Marionette	INFO	Listening on port 33401
Read port: 33401
1708832454673	RemoteAgent	WARN	TLS certificate errors will be ignored for this session
[GFX1-]: RenderCompositorSWGL failed mapping default framebuffer, no dt
console.error: ({})
1708832481930	geckodriver	INFO	Listening on 127.0.0.1:36973
1708832482241	mozrunner::runner	INFO	Running command: MOZ_CRASHREPORTER="1" MOZ_CRASHREPORTER_NO_REPORT="1" MOZ_CRASHREPORTER_SHUTDOWN="1" MOZ_NO_REMOTE="1" "/snap/firefox/current/firefox.launcher" "--marionette" "-headless" "-no-remote" "-profile" "/tmp/rust_mozprofileBc1sGK"
*** You are running in headless mode.
Gtk-Message: 00:41:22.264: Not loading module "atk-bridge": The functionality is provided by GTK natively. Please try to not load it.
console.warn: services.settings: Ignoring preference override of remote settings server
console.warn: services.settings: Allow by setting MOZ_REMOTE_SETTINGS_DEVTOOLS=1 in the environment
1708832482596	Marionette	INFO	Marionette enabled
1708832482647	Marionette	INFO	Listening on port 44875
Read port: 44875
1708832482766	RemoteAgent	WARN	TLS certificate errors will be ignored for this session
[GFX1-]: RenderCompositorSWGL failed mapping default framebuffer, no dt
console.error: ({})
console.error: "update.locale" " file doesn't exist in either the application or GRE directories"
1708832484856	addons.xpi	ERROR	System addon update list error SyntaxError: XMLHttpRequest.open: 'http://%(server)s/dummy-system-addons.xml' is not a valid URL.
1708832506840	Marionette	INFO	Stopped listening on port 44875
JavaScript warning: https://connect.facebook.net/pt_BR/sdk.js?hash=11c055135e52ef80bb51f1de882fca95, line 24: Script terminated by timeout at:
l@https://connect.facebook.net/pt_BR/sdk.js?hash=11c055135e52ef80bb51f1de882fca95:24:1056
a/<@https://connect.facebook.net/pt_BR/sdk.js?hash=11c055135e52ef80bb51f1de882fca95:226:1596

1708832508346	geckodriver	INFO	Listening on 127.0.0.1:40609
1708832508936	mozrunner::runner	INFO	Running command: MOZ_CRASHREPORTER="1" MOZ_CRASHREPORTER_NO_REPORT="1" MOZ_CRASHREPORTER_SHUTDOWN="1" MOZ_NO_REMOTE="1" "/snap/firefox/current/firefox.launcher" "--marionette" "-headless" "-no-remote" "-profile" "/tmp/rust_mozprofileSVX9Jf"
*** You are running in headless mode.
Gtk-Message: 00:41:48.959: Not loading module "atk-bridge": The functionality is provided by GTK natively. Please try to not load it.
console.warn: services.settings: Ignoring preference override of remote settings server
console.warn: services.settings: Allow by setting MOZ_REMOTE_SETTINGS_DEVTOOLS=1 in the environment
1708832509156	Marionette	INFO	Marionette enabled
1708832509202	Marionette	INFO	Listening on port 40145
Read port: 40145
1708832509329	RemoteAgent	WARN	TLS certificate errors will be ignored for this session
[GFX1-]: RenderCompositorSWGL failed mapping default framebuffer, no dt
console.error: ({})
1708832533645	Marionette	INFO	Stopped listening on port 40145
JavaScript warning: https://www.googletagmanager.com/gtag/js?id=G-KGWPND7YSP, line 201: Script terminated by timeout at:
toString@https://www.googletagmanager.com/gtag/js?id=G-KGWPND7YSP:201:766
xv/<@https://www.googletagmanager.com/gtag/js?id=G-KGWPND7YSP:420:420
yx/<@https://www.googletagmanager.com/gtag/js?id=G-KGWPND7YSP:442:55
xf@https://www.googletagmanager.com/gtag/js?id=G-KGWPND7YSP:206:317
yf@https://www.googletagmanager.com/gtag/js?id=G-KGWPND7YSP:206:80
zf@https://www.googletagmanager.com/gtag/js?id=G-KGWPND7YSP:208:281
Gf/<@https://www.googletagmanager.com/gtag/js?id=G-KGWPND7YSP:209:192
Hf@https://www.googletagmanager.com/gtag/js?id=G-KGWPND7YSP:208:1515
If@https://www.googletagmanager.com/gtag/js?id=G-KGWPND7YSP:208:1275
Cx@https://www.googletagmanager.com/gtag/js?id=G-KGWPND7YSP:440:136
yy@https://www.googletagmanager.com/gtag/js?id=G-KGWPND7YSP:456:272
By@https://www.googletagmanager.com/gtag/js?id=G-KGWPND7YSP:461:57
Fy/b.push@https://www.googletagmanager.com/gtag/js?id=G-KGWPND7YSP:465:315
Fy/<@https://www.googletagmanager.com/gtag/js?id=G-KGWPND7YSP:464:387

1708832536717	geckodriver	INFO	Listening on 127.0.0.1:39059
1708832537539	mozrunner::runner	INFO	Running command: MOZ_CRASHREPORTER="1" MOZ_CRASHREPORTER_NO_REPORT="1" MOZ_CRASHREPORTER_SHUTDOWN="1" MOZ_NO_REMOTE="1" "/snap/firefox/current/firefox.launcher" "--marionette" "-headless" "-no-remote" "-profile" "/tmp/rust_mozprofileJnCPwB"
*** You are running in headless mode.
Gtk-Message: 00:42:17.566: Not loading module "atk-bridge": The functionality is provided by GTK natively. Please try to not load it.
console.warn: services.settings: Ignoring preference override of remote settings server
console.warn: services.settings: Allow by setting MOZ_REMOTE_SETTINGS_DEVTOOLS=1 in the environment
1708832537734	Marionette	INFO	Marionette enabled
1708832537786	Marionette	INFO	Listening on port 38715
Read port: 38715
1708832537914	RemoteAgent	WARN	TLS certificate errors will be ignored for this session
[GFX1-]: RenderCompositorSWGL failed mapping default framebuffer, no dt
console.error: ({})
1708832549947	Marionette	INFO	Stopped listening on port 38715
JavaScript warning: https://connect.facebook.net/pt_BR/sdk.js?hash=11c055135e52ef80bb51f1de882fca95, line 173: Script terminated by timeout at:
parse/<@https://connect.facebook.net/pt_BR/sdk.js?hash=11c055135e52ef80bb51f1de882fca95:173:2230
i@https://connect.facebook.net/pt_BR/sdk.js?hash=11c055135e52ef80bb51f1de882fca95:173:1113
p@https://connect.facebook.net/pt_BR/sdk.js?hash=11c055135e52ef80bb51f1de882fca95:173:1821
parse@https://connect.facebook.net/pt_BR/sdk.js?hash=11c055135e52ef80bb51f1de882fca95:173:2176
b@https://connect.facebook.net/pt_BR/sdk.js?hash=11c055135e52ef80bb51f1de882fca95:51:241
a/<@https://connect.facebook.net/pt_BR/sdk.js?hash=11c055135e52ef80bb51f1de882fca95:47:197

1708832566263	geckodriver	INFO	Listening on 127.0.0.1:48257
1708832566958	mozrunner::runner	INFO	Running command: MOZ_CRASHREPORTER="1" MOZ_CRASHREPORTER_NO_REPORT="1" MOZ_CRASHREPORTER_SHUTDOWN="1" MOZ_NO_REMOTE="1" "/snap/firefox/current/firefox.launcher" "--marionette" "-headless" "-no-remote" "-profile" "/tmp/rust_mozprofileAykIUh"
*** You are running in headless mode.
Gtk-Message: 00:42:46.980: Not loading module "atk-bridge": The functionality is provided by GTK natively. Please try to not load it.
console.warn: services.settings: Ignoring preference override of remote settings server
console.warn: services.settings: Allow by setting MOZ_REMOTE_SETTINGS_DEVTOOLS=1 in the environment
1708832567263	Marionette	INFO	Marionette enabled
1708832567310	Marionette	INFO	Listening on port 35509
Read port: 35509
1708832567432	RemoteAgent	WARN	TLS certificate errors will be ignored for this session
[GFX1-]: RenderCompositorSWGL failed mapping default framebuffer, no dt
console.error: ({})
1708832586606	Marionette	INFO	Stopped listening on port 35509
1708832614551	geckodriver	INFO	Listening on 127.0.0.1:35247
1708832615358	mozrunner::runner	INFO	Running command: MOZ_CRASHREPORTER="1" MOZ_CRASHREPORTER_NO_REPORT="1" MOZ_CRASHREPORTER_SHUTDOWN="1" MOZ_NO_REMOTE="1" "/snap/firefox/current/firefox.launcher" "--marionette" "-headless" "-no-remote" "-profile" "/tmp/rust_mozprofile5QqfuD"
*** You are running in headless mode.
Gtk-Message: 00:43:35.387: Not loading module "atk-bridge": The functionality is provided by GTK natively. Please try to not load it.
console.warn: services.settings: Ignoring preference override of remote settings server
console.warn: services.settings: Allow by setting MOZ_REMOTE_SETTINGS_DEVTOOLS=1 in the environment
1708832615623	Marionette	INFO	Marionette enabled
1708832615673	Marionette	INFO	Listening on port 46297
Read port: 46297
1708832615812	RemoteAgent	WARN	TLS certificate errors will be ignored for this session
[GFX1-]: RenderCompositorSWGL failed mapping default framebuffer, no dt
console.error: ({})
1708832625431	Marionette	INFO	Stopped listening on port 46297
